Performing C SOURCE FILE Test CMAKE_HAVE_LIBC_PTHREAD failed with the following output:
Change Dir: /home/zfshen/ur5_ws_szf/build/CMakeFiles/CMakeTmp

Run Build Command(s):/usr/bin/make cmTC_b6b7a/fast && /usr/bin/make  -f CMakeFiles/cmTC_b6b7a.dir/build.make CMakeFiles/cmTC_b6b7a.dir/build
make[1]: 进入目录“/home/zfshen/ur5_ws_szf/build/CMakeFiles/CMakeTmp”
Building C object CMakeFiles/cmTC_b6b7a.dir/src.c.o
/usr/bin/cc   -DCMAKE_HAVE_LIBC_PTHREAD   -o CMakeFiles/cmTC_b6b7a.dir/src.c.o   -c /home/zfshen/ur5_ws_szf/build/CMakeFiles/CMakeTmp/src.c
Linking C executable cmTC_b6b7a
/opt/cmake-3.16.7/bin/cmake -E cmake_link_script CMakeFiles/cmTC_b6b7a.dir/link.txt --verbose=1
/usr/bin/cc  -DCMAKE_HAVE_LIBC_PTHREAD    -rdynamic CMakeFiles/cmTC_b6b7a.dir/src.c.o  -o cmTC_b6b7a 
CMakeFiles/cmTC_b6b7a.dir/src.c.o：在函数‘main’中：
src.c:(.text+0x3e)：对‘pthread_create’未定义的引用
src.c:(.text+0x4a)：对‘pthread_detach’未定义的引用
src.c:(.text+0x5b)：对‘pthread_join’未定义的引用
src.c:(.text+0x6f)：对‘pthread_atfork’未定义的引用
collect2: error: ld returned 1 exit status
CMakeFiles/cmTC_b6b7a.dir/build.make:89: recipe for target 'cmTC_b6b7a' failed
make[1]: *** [cmTC_b6b7a] Error 1
make[1]: 离开目录“/home/zfshen/ur5_ws_szf/build/CMakeFiles/CMakeTmp”
Makefile:124: recipe for target 'cmTC_b6b7a/fast' failed
make: *** [cmTC_b6b7a/fast] Error 2


Source file was:
#include <pthread.h>

void* test_func(void* data)
{
  return data;
}

int main(void)
{
  pthread_t thread;
  pthread_create(&thread, NULL, test_func, NULL);
  pthread_detach(thread);
  pthread_join(thread, NULL);
  pthread_atfork(NULL, NULL, NULL);
  pthread_exit(NULL);

  return 0;
}

Determining if the function pthread_create exists in the pthreads failed with the following output:
Change Dir: /home/zfshen/ur5_ws_szf/build/CMakeFiles/CMakeTmp

Run Build Command(s):/usr/bin/make cmTC_5041c/fast && /usr/bin/make  -f CMakeFiles/cmTC_5041c.dir/build.make CMakeFiles/cmTC_5041c.dir/build
make[1]: 进入目录“/home/zfshen/ur5_ws_szf/build/CMakeFiles/CMakeTmp”
Building C object CMakeFiles/cmTC_5041c.dir/CheckFunctionExists.c.o
/usr/bin/cc   -DCHECK_FUNCTION_EXISTS=pthread_create   -o CMakeFiles/cmTC_5041c.dir/CheckFunctionExists.c.o   -c /opt/cmake-3.16.7/share/cmake-3.16/Modules/CheckFunctionExists.c
Linking C executable cmTC_5041c
/opt/cmake-3.16.7/bin/cmake -E cmake_link_script CMakeFiles/cmTC_5041c.dir/link.txt --verbose=1
/usr/bin/cc  -DCHECK_FUNCTION_EXISTS=pthread_create    -rdynamic CMakeFiles/cmTC_5041c.dir/CheckFunctionExists.c.o  -o cmTC_5041c  -lpthreads 
/usr/bin/ld: 找不到 -lpthreads
collect2: error: ld returned 1 exit status
CMakeFiles/cmTC_5041c.dir/build.make:89: recipe for target 'cmTC_5041c' failed
make[1]: *** [cmTC_5041c] Error 1
make[1]: 离开目录“/home/zfshen/ur5_ws_szf/build/CMakeFiles/CMakeTmp”
Makefile:124: recipe for target 'cmTC_5041c/fast' failed
make: *** [cmTC_5041c/fast] Error 2



